<?xml version="1.0" encoding="UTF-8"?>
<!-- Generated by org.testng.reporters.JUnitXMLReporter -->
<testsuite hostname="CGL073075" ignored="3" name="Test3" tests="1" failures="0" timestamp="12 Nov 2018 02:26:25 GMT" time="0.05" errors="0">
  <testcase name="testflow" time="0.016" classname="config2.ngGroups"/>
  <testcase name="testsnack" time="0.0" classname="config2.ngGroups">
    <ignored/>
  </testcase> <!-- testsnack -->
  <testcase name="testEnd" time="0.0" classname="config2.ngGroups">
    <ignored/>
  </testcase> <!-- testEnd -->
  <testcase name="testBegin" time="0.0" classname="config2.ngGroups">
    <ignored/>
  </testcase> <!-- testBegin -->
</testsuite> <!-- Test3 -->
