<?xml version="1.0" encoding="UTF-8"?>
<testng-results skipped="0" failed="0" ignored="0" total="1" passed="1">
  <reporter-output>
  </reporter-output>
  <suite name="Default suite" duration-ms="13752" started-at="2018-11-25T02:20:32Z" finished-at="2018-11-25T02:20:46Z">
    <groups>
    </groups>
    <test name="Default test" duration-ms="13752" started-at="2018-11-25T02:20:32Z" finished-at="2018-11-25T02:20:46Z">
      <class name="config2.parameterCheck">
        <test-method status="PASS" signature="onePlus(java.lang.String)[pri:0, instance:config2.parameterCheck@5e3a8624]" name="onePlus" duration-ms="13700" started-at="2018-11-25T02:20:32Z" finished-at="2018-11-25T02:20:46Z">
          <params>
            <param index="0">
              <value>
                <![CDATA[Macson]]>
              </value>
            </param>
          </params>
          <reporter-output>
          </reporter-output>
        </test-method> <!-- onePlus -->
      </class> <!-- config2.parameterCheck -->
    </test> <!-- Default test -->
  </suite> <!-- Default suite -->
</testng-results>
