<?xml version="1.0" encoding="UTF-8"?>
<!-- Generated by org.testng.reporters.JUnitXMLReporter -->
<testsuite hostname="CGL073075" ignored="2" name="Default test(failed)" tests="1" failures="0" timestamp="14 Nov 2018 06:11:44 GMT" time="0.068" errors="0">
  <testcase name="Junc" time="0.018" classname="Listeners.failedTestsRetry"/>
  <testcase name="Junction" time="0.0" classname="Listeners.failedTestsRetry">
    <ignored/>
  </testcase> <!-- Junction -->
  <testcase name="Loops" time="0.0" classname="Listeners.failedTestsRetry">
    <ignored/>
  </testcase> <!-- Loops -->
</testsuite> <!-- Default test(failed) -->
